<?xml version="1.0" encoding="UTF-8"?>
<!-- Generated by org.testng.reporters.JUnitReportReporter -->
<testsuite skipped="1" hostname="DESKTOP-A9DN365" name="testngfirstclass" tests="2" failures="0" timestamp="22 Mar 2021 02:51:34 GMT" time="0.013" errors="0">
  <testcase name="Testcase2" time="0.013" classname="testngfirstclass"/>
  <testcase name="Testcase1" classname="testngfirstclass">
    <skipped/>
  </testcase> <!-- Testcase1 -->
</testsuite> <!-- testngfirstclass -->
