<?xml version="1.0" encoding="UTF-8"?>
<!-- Generated by org.testng.reporters.JUnitReportReporter -->
<testsuite skipped="0" hostname="DESKTOP-A9DN365" name="com.testcases.TestNgClass1" tests="10" failures="0" timestamp="08 Apr 2021 15:34:13 GMT" time="0.239" errors="0">
  <testcase name="Testcase3" time="0.027" classname="com.testcases.TestNgClass1"/>
  <testcase name="Testcase1" time="0.012" classname="com.testcases.TestNgClass1"/>
  <testcase name="Aestcase2" time="0.009" classname="com.testcases.TestNgClass1"/>
  <testcase name="Aestcase2" time="0.010" classname="com.testcases.TestNgClass1"/>
  <testcase name="Aestcase2" time="0.029" classname="com.testcases.TestNgClass1"/>
  <testcase name="Aestcase2" time="0.028" classname="com.testcases.TestNgClass1"/>
  <testcase name="Aestcase2" time="0.014" classname="com.testcases.TestNgClass1"/>
  <testcase name="Aestcase2" time="0.012" classname="com.testcases.TestNgClass1"/>
  <testcase name="Aestcase2" time="0.012" classname="com.testcases.TestNgClass1"/>
  <testcase name="Aestcase2" time="0.086" classname="com.testcases.TestNgClass1"/>
</testsuite> <!-- com.testcases.TestNgClass1 -->
