<?xml version="1.0" encoding="UTF-8"?>
<!-- Generated by org.testng.reporters.JUnitReportReporter -->
<testsuite skipped="0" hostname="DESKTOP-A9DN365" name="com.SeleniumConcepts.FirstTestNgClass" tests="12" failures="0" timestamp="26 Mar 2021 15:22:35 GMT" time="0.224" errors="0">
  <testcase name="TestCase3" time="0.016" classname="com.SeleniumConcepts.FirstTestNgClass"/>
  <testcase name="TestCase2" time="0.015" classname="com.SeleniumConcepts.FirstTestNgClass"/>
  <testcase name="TestCase2" time="0.013" classname="com.SeleniumConcepts.FirstTestNgClass"/>
  <testcase name="TestCase2" time="0.009" classname="com.SeleniumConcepts.FirstTestNgClass"/>
  <testcase name="TestCase2" time="0.040" classname="com.SeleniumConcepts.FirstTestNgClass"/>
  <testcase name="TestCase2" time="0.025" classname="com.SeleniumConcepts.FirstTestNgClass"/>
  <testcase name="TestCase2" time="0.015" classname="com.SeleniumConcepts.FirstTestNgClass"/>
  <testcase name="TestCase2" time="0.018" classname="com.SeleniumConcepts.FirstTestNgClass"/>
  <testcase name="TestCase2" time="0.007" classname="com.SeleniumConcepts.FirstTestNgClass"/>
  <testcase name="TestCase2" time="0.015" classname="com.SeleniumConcepts.FirstTestNgClass"/>
  <testcase name="TestCase2" time="0.014" classname="com.SeleniumConcepts.FirstTestNgClass"/>
  <testcase name="TestCase1" time="0.037" classname="com.SeleniumConcepts.FirstTestNgClass"/>
</testsuite> <!-- com.SeleniumConcepts.FirstTestNgClass -->
