<?xml version="1.0" encoding="UTF-8"?>
<!-- Generated by org.testng.reporters.JUnitReportReporter -->
<testsuite skipped="0" hostname="DESKTOP-A9DN365" name="com.testcases.TestNgClass1" tests="4" failures="0" timestamp="10 Apr 2021 16:41:14 GMT" time="19.904" errors="0">
  <testcase name="validateGmoOnlineLoadedSuccessfully" time="0.432" classname="com.testcases.TestNgClass1"/>
  <testcase name="validateOnLineCatalogLoadedSuccessfully" time="1.295" classname="com.testcases.TestNgClass1"/>
  <testcase name="validateOrderQuantityGlacierSunGlasses" time="3.055" classname="com.testcases.TestNgClass1"/>
  <testcase name="ValidatingBillingInfoWithDataDriven" time="15.122" classname="com.testcases.TestNgClass1"/>
</testsuite> <!-- com.testcases.TestNgClass1 -->
